Traceback (most recent call last):
  File "probe", line 99, in <module>
    main()
  File "probe", line 96, in main
    run()
  File "probe", line 93, in run
    cli.cmdloop()
  File "/System/Library/Frameworks/Python.framework/Versions/2.7/lib/python2.7/cmd.py", line 142, in cmdloop
    stop = self.onecmd(line)
  File "/System/Library/Frameworks/Python.framework/Versions/2.7/lib/python2.7/cmd.py", line 215, in onecmd
    return self.default(line)
  File "/Users/alexbraun/google_drive/code/projects/sparse/python/sparse/views/probe_cli.py", line 69, in default
    self._api.spql_search(arg, display_fields=self._display_fields)
  File "/Users/alexbraun/google_drive/code/projects/sparse/python/sparse/frameworks/probe/probe_api.py", line 130, in spql_search
    results.read_json(self.data)
  File "/Users/alexbraun/google_drive/code/projects/sparse/python/sparse/frameworks/probe/probe_api.py", line 72, in data
    return self.database['data']
  File "/Users/alexbraun/google_drive/code/projects/sparse/python/sparse/frameworks/probe/probe_api.py", line 67, in database
    self.update()
  File "/Users/alexbraun/google_drive/code/projects/sparse/python/sparse/frameworks/probe/probe_api.py", line 87, in update
    self._database = self._backingstore.get_database()
  File "/Users/alexbraun/google_drive/code/projects/sparse/python/sparse/frameworks/probe/backingstore.py", line 69, in get_database
    self.update()
  File "/Users/alexbraun/google_drive/code/projects/sparse/python/sparse/frameworks/probe/qube_backingstore.py", line 256, in update
    self._job_update()
  File "/Users/alexbraun/google_drive/code/projects/sparse/python/sparse/frameworks/probe/qube_backingstore.py", line 158, in _job_update
    data['jobtype'] = data['name'].apply(lambda x: get_jobtype(x))
  File "/Library/Python/2.7/site-packages/pandas/core/series.py", line 1998, in apply
    mapped = lib.map_infer(values, f, convert=convert_dtype)
  File "inference.pyx", line 1016, in pandas.lib.map_infer (pandas/lib.c:51482)
  File "/Users/alexbraun/google_drive/code/projects/sparse/python/sparse/frameworks/probe/qube_backingstore.py", line 158, in <lambda>
    data['jobtype'] = data['name'].apply(lambda x: get_jobtype(x))
  File "/Users/alexbraun/google_drive/code/projects/sparse/python/sparse/utilities/qube_utils.py", line 142, in get_jobtype flags=RE.IGNORECASE)
NameError: global name 'RE' is not defined

vrayProgressBegin "VRay rendering...";
// Warning: Bitmap file "/Users/alexbraun/Documents/Project Folders/wastedTime/maya//textures/skies/sky.plate.006.tga" failed to load: [LoadImageFile] Failed to open file: no such file // 
import sys; sys.path.append('/Users/alexbraun/Documents/Python/misc/'); from postRender import *; renderNotify('Maya')
updateEditorFeedbackRenderLayer RenderLayerTab beauty;
renderWindowRenderCamera render renderView renderCam;
import maya.app.stereo.stereoCameraRig as stereoCameraRig
stereoCameraRig.isRigRoot('renderCam')

ALF_PROGRESS =   0%
ALF_PROGRESS =   1%
ALF_PROGRESS =   2%
ALF_PROGRESS =   3%
ALF_PROGRESS =   4%
ALF_PROGRESS =   5%
ALF_PROGRESS =   6%
ALF_PROGRESS =   7%
ALF_PROGRESS =   8%
ALF_PROGRESS =   9%
ALF_PROGRESS =  10%
ALF_PROGRESS =  11%
ALF_PROGRESS =  12%
ALF_PROGRESS =  13%
ALF_PROGRESS =  14%
ALF_PROGRESS =  15%
ALF_PROGRESS =  16%
ALF_PROGRESS =  17%
ALF_PROGRESS =  18%
ALF_PROGRESS =  19%
ALF_PROGRESS =  20%
ALF_PROGRESS =  21%
ALF_PROGRESS =  22%
ALF_PROGRESS =  23%
ALF_PROGRESS =  24%
ALF_PROGRESS =  25%
ALF_PROGRESS =  26%
ALF_PROGRESS =  27%
ALF_PROGRESS =  28%
ALF_PROGRESS =  29%
ALF_PROGRESS =  30%
ALF_PROGRESS =  31%
ALF_PROGRESS =  32%
ALF_PROGRESS =  33%
ALF_PROGRESS =  34%
ALF_PROGRESS =  35%
ALF_PROGRESS =  36%